2.4 beta

从这个版本开始，记录下详细的版本更新记录
从这个版本开始，提供升级脚本，第一个脚本update2.3-2.4.php

修改了文章存储地址设置，可以自定义地址
增加了附件存储地址设置，可以自定义地址
增加了缩略图存储地址设置，可以自定义地址
增加了图片存储地址设置，可以自定义地址
增加了栏目的文章存储地址设置，如果指定则优先应用本栏目的设置，如果不指定则取全局设置
重新支持了栏目分页列表的静态化（在2.2版本中曾去掉了这个功能）
主题分页列表实现了静态化
主题分页列表、主题首页地址支持自定义
栏目分页列表、栏目首页地址支持自定义
针对alibaba网站防采集的问题，增加了采集器的agent，使采集器看来是个浏览器（也适用于采集其他网站）
取消了华而不实的两种分页统计方式
将是否启用文件名和是否生成静态页分开，支持了不生成静态页通过rewrite方式的SEO友好的静态页。（参见http://www.zlck.com，这个网站启用了文件名，未启用静态页）
自定义变量增加描述字段，同时修改了变量编辑页面，可以让使用者更容易找到需要的变量
必填字段用更直观的样式显示
getlists标签增加了num属性，用来表示最多显示多少项。增加了iteminurl、iteminhtml两个模板标签，用来表示URL中的文字的和HTML中的文字

发布版的报错级别设置为0，尽可能忽略不严重的问题
增加了主题导入功能，并首次自带默认主题（包括：模板、CSS样式、图片、初始数据）
调整了后台模板，缩小了菜单栏宽度，增大工作区域面积
对SEO更加友好，支持目录型网址：http://domain/book/jinpingmei/

修正了正文内链接为同一个关键字只显示一次
修正了文件名判断时在某些环境下出错的BUG
修正了在php4.x版本下判断程序路径不正确的BUG
修正了在PHP4.x版本下替换函数无法指定替换次数的BUG
修正了文章长度属性无法应用到无样式标题的BUG
修正了当关键字互相包含时（比如：文章中含有“宝钢股份”和“宝钢”这两个关键字）文内链接飞掉的BUG

2.4正式版
增强了执行SQL语句功能，如果是SELECT语句，则将查询结果以表格的形式列出来
修正了在IIS环境的某种配置下，无法上传文件的BUG
修正了当启用目录型文件名时，编辑后文件名会多一个/的BUG

2.5
2.4版本引入了很多新的特性，但是由于步子迈得过大，2.4版本发布后出现了很多问题，我们向站长表示真挚的歉意。为杜绝这种大跃进的情况再次发生，从2.5之后的版本开始遵从几个AKCMS天条：
1 每个新版本发布前都要至少在5个站点测试过。
2 不为了功能牺牲品质，不为了赶进度牺牲品质。

从这个版本开始，AKCMS分为MySQL版和SQLite版同时发布
增强了自定义字段功能，自定义字段不但支持字符串还支持下拉菜单，而且可以为栏目指定字段，也可以将采集的内容保存到扩展字段，扩展字段不但可以在最终页展现也可以在列表页展现
优化了细节的用户体验，比如：点击单选框的文字介绍也可以执行选中操作
去掉了有问题的栏目首页的定时更新功能
增加了文章的三个可排序的整数字段
修正2.4版因修改了防注入实现方式导致的一些BUG

2.5.1
原“管理专题”功能命名有歧义，从这个版本改为“管理页面”

增加了采集列表的功能，可以批量采集n-m页（之前只能采集某一页）
将采集列表和采集规则的预览都做成单独的页面，提高列表页的打开速度
简化了访问统计功能，不再分析来路是什么搜索引擎，什么搜索词，保持基本功能，加快展示速度
优化自动分析关键字功能，去掉了一直有问题的不依赖词库也能分析关键字的功能，提高了性能
去掉了词库在线编辑功能
去掉了采集规则的采集文章数的属性

修正了多个隐藏的前端接口的注入漏洞（投稿接口，评分接口，评论接口，给评论评分接口等），但仍不推荐使用
修正了栏目页面无法调用栏目别名的问题
修正了smarty模板在某些主机无法创建临时文件导致白页面的兼容性问题
修正了第11-20采集项无法生效的问题
修正了评论数更新失败的问题
修正了采集的替换规则未正确入库的问题
修正了SQLite版本提示信息方式：如果服务器不支持SQLite第一步就提示而不是让用户都填写一堆信息后再提示
修正了在godaddy的免费空间（有广告）下的兼容性问题
修正了自定义字段超过三个无法增加的bug

2.6
从本版本起不再分为MySQL版和SQLite版，只有一个AKCMS，在安装时让使用者选择数据库类型
从本版本起使用gz压缩格式打包而不用rar格式，因为有用户直接wget到压缩包在Linux服务器下解压缩不方便
增加插件系统，PHP开发者可以自己编写插件来增加AKCMS的功能
增加了采集规则导入导出、采集器导入导出，不会采集的朋友，只要把高手共享的一段字符串导入即可完成采集规则、采集器的创建，在批量建站的时候也非常方便，稍作修改即可
增加了采集规则的过滤功能：特征关键字和跳过关键字。前者是带关键词的才采集；后者是带关键字的不采集
增强了缩略图功能，增加了取文章列表时自动补齐完整URL
增加采集后自动命名文件名选项，允许通过关键字分析文件名，也允许通过题目分析文件名
增加了编辑文章发布时间的功能
增强了getitems标签的功能，timelimit属性可以设置是否取比当前时间更新的文章
增强了getcategories标签的功能，可以同时在内容页方便的实现多级分类的面包屑导航
增加了站内正文链接功能，可以大大增加内链

去掉了默认对Discuz的支持，将以插件形式提供
去掉了默认对X-space的支持，将以插件形式提供
去掉了统计功能，请使用第三方的统计系统

修正了新建采集规则不能保存替换设置的BUG
修正了采集的正文内容里的标签清理不干净的BUG
修正了定时更新静态页时URL错乱的BUG
修正了编辑文章后附件不能正常显示的BUG

2.6.1(2009-9-7)
从本版本起MySQL与SQLite数据库的数据可以通过备份数据互相转换，备份出来的不是各自的SQL语句而是一种通用的中间格式
增强了采集功能：可以跨字符集采集，比如：GBK的站采集UTF-8的内容，不会有乱码，此功能无需设置自动判断（依赖iconv，如果服务器没有此组件无法自动转码，不影响正常采集）
增加了一键设置上一栏目的按钮，当栏目很多时方便连续多次录入文章设置栏目
完善了投递接口
伪静态访问时，如果内容不存在，返回404错误
增加了删除自定义字段功能（之前只能添加不能删除）
增加了文章正文页安全调用关键词的标签
增加了导入数据之后直接更新缓存的贴心小功能

去掉了统计功能需要的数据采集，只保留了访问数统计，提高了执行效率

修正了2.6版本出现的安装时会覆盖根目录的config.inc.php文件的BUG
修正了编辑文章时出现的一个JS报错
修正了栏目列表排序参数不可用的BUG
修正了在某免费主机上无法安装的兼容性问题
修正了全局关键字在某些情况下显示链接错乱
修正了取栏目URL时的几个设定（不再在URL上加入index.htm等）
修正了题目是空格也被采集入库的BUG
修正了默认栏目的是否生成静态和是否启用文件名两个设置，由“否”变成“执行全局设置”
增强了几个极端情况下的程序健壮性

2.6.2（2009-9-30）
从本版本起，每个新版本发布前都要经过英文操作系统UBUNTU+英文浏览器Firefox的测试

针对SQLite数据库启用了事务，大幅提高写操作速度，感受最明显的就是大量写数据的操作，如：在开发机上安装速度提升10倍以上，导入数据速度提升300倍以上，最常用的新建文章等操作的速度也有提升不过感觉不明显。至此AKCMS不管启用MySQL数据库还是SQLite数据库速度不相上下，都非常快。
getitems标签增加了nopicture属性，当取不到文章的缩略图时，用nopicture指定的图片地址代替
getitems标签增加了where属性，高级用户可以使用这个功能直接编写SQL语句以实现复杂功能，使程序的调用更加灵活
增强了对纯动态访问的支持，并提供了一个企业模板2.0的实例（单独发布）
增加了采集器的网页源码预览功能，可以看到服务器采集到的原始的网页
增强了对PNG图片水印的支持，可以获得比GIF水印更好地抗锯齿和半透明效果（感谢 1088 的反馈）

去掉了安装时导入默认模板的功能
去掉了数据备份时候雷锋模式，从此版本开始，只能备份AKCMS的数据

修正了编辑包含图片的页面时页面会乱掉的BUG（感谢 老村长 的反馈）
修正了当采集功能被禁用时仍可以编辑采集设置造成站长困扰的用户体验问题（感谢 zhlgame 的反馈）
修正了在SQLite某个版本下空数据会乱掉的BUG（感谢 老村长 的反馈）
修正了AKCMS在英文浏览器下富文本编辑器报错的BUG（感谢 老村长 的反馈）
修正了采集器页面，不再把新增的大表单展现在采集器页面中，需要新增时点击按钮在新页面打开，使用方便了许多（感谢 books 的反馈）
修正了当开启动态访问时如果栏目不存在显示一个error返回200而是返回一个404错误
修正了2.6在MySQL3.x下无法安装的兼容性问题（感谢 离言 的反馈并提供调试环境）
修正了管理文章中搜索条件不能保持的用户体验问题（感谢 Ajian 的反馈）
修正了管理文章时编辑完第N页的文章后又跳转回管理文章的第一页的用户体验问题，改为从第几页编辑的等编辑完毕就跳转回第几页（感谢 我妈 的反馈）