2.4 beta

从这个版本开始，记录下详细的版本更新记录
从这个版本开始，提供升级脚本，第一个脚本update2.3-2.4.php

修改了文章存储地址设置，可以自定义地址
增加了附件存储地址设置，可以自定义地址
增加了缩略图存储地址设置，可以自定义地址
增加了图片存储地址设置，可以自定义地址
增加了栏目的文章存储地址设置，如果指定则优先应用本栏目的设置，如果不指定则取全局设置
重新支持了栏目分页列表的静态化（在2.2版本中曾去掉了这个功能）
主题分页列表实现了静态化
主题分页列表、主题首页地址支持自定义
栏目分页列表、栏目首页地址支持自定义
针对alibaba网站防采集的问题，增加了采集器的agent，使采集器看来是个浏览器
取消了华而不实的两种分页统计方式
将是否启用文件名和是否生成静态页分开，支持了不生成静态页通过rewrite方式的SEO友好的静态页。（参见http://www.zlck.com，这个网站启用了文件名，未启用静态页）
自定义变量增加描述字段，同时修改了变量编辑页面，可以让使用者更容易找到需要的变量
必填字段用更直观的样式显示
getlists标签增加了num属性，用来表示最多显示多少项。增加了iteminurl、iteminhtml两个模板标签，用来表示URL中的文字的和HTML中的文字

发布版的报错级别设置为0，尽可能忽略不严重的问题
增加了主题导入功能，并首次自带默认主题（包括：模板、CSS样式、图片、初始数据）
调整了后台模板，缩小了菜单栏宽度，增大工作区域面积
对SEO更加友好，支持目录型网址：http://domain/book/jinpingmei/

修正了正文内链接为同一个关键字只显示一次
修正了文件名判断时在某些环境下出错的BUG
修正了在php4.x版本下判断程序路径不正确的BUG
修正了在PHP4.x版本下替换函数无法指定替换次数的BUG
修正了文章长度属性无法应用到无样式标题的BUG
修正了当关键字互相包含时（比如：文章中含有“宝钢股份”和“宝钢”这两个关键字）文内链接飞掉的BUG

2.4正式版
增强了执行SQL语句功能，如果是SELECT语句，则将查询结果以表格的形式列出来
修正了在IIS环境的某种配置下，无法上传文件的BUG
修正了当启用目录型文件名时，编辑后文件名会多一个/的BUG